-- Found ament_cmake: 2.5.5 (/opt/ros/jazzy/share/ament_cmake/cmake)
-- Found rclcpp: 28.1.16 (/opt/ros/jazzy/share/rclcpp/cmake)
-- Found rosidl_generator_c: 4.6.7 (/opt/ros/jazzy/share/rosidl_generator_c/cmake)
-- Found rosidl_generator_cpp: 4.6.7 (/opt/ros/jazzy/share/rosidl_generator_cpp/cmake)
-- Using all available rosidl_typesupport_c: rosidl_typesupport_fastrtps_c;rosidl_typesupport_introspection_c
-- Using all available rosidl_typesupport_cpp: rosidl_typesupport_fastrtps_cpp;rosidl_typesupport_introspection_cpp
-- Found rmw_implementation_cmake: 7.3.3 (/opt/ros/jazzy/share/rmw_implementation_cmake/cmake)
-- Found rmw_fastrtps_cpp: 8.4.3 (/opt/ros/jazzy/share/rmw_fastrtps_cpp/cmake)
-- Using RMW implementation 'rmw_fastrtps_cpp' as default
-- Found geometry_msgs: 5.3.6 (/opt/ros/jazzy/share/geometry_msgs/cmake)
-- Found ament_lint_auto: 0.17.4 (/opt/ros/jazzy/share/ament_lint_auto/cmake)
-- Added test 'cppcheck' to perform static code analysis on C / C++ code
-- Configured cppcheck include dirs: $<BUILD_INTERFACE:/home/kang/ros2_ws/src/slam_bot/include>
-- Configured cppcheck exclude dirs and/or files: 
-- Added test 'lint_cmake' to check CMake code style
-- Added test 'uncrustify' to check C / C++ code style
-- Configured uncrustify additional arguments: 
-- Added test 'xmllint' to check XML markup files
-- Configuring done (1.1s)
-- Generating done (0.0s)
-- Build files have been written to: /home/kang/ros2_ws/build/slam_bot
[ 50%] Built target position_estimator
[ 75%] [32mBuilding CXX object CMakeFiles/kalman_filter.dir/src/kalman_filter.cpp.o[0m
[100%] [32m[1mLinking CXX executable kalman_filter[0m
[100%] Built target kalman_filter
-- Install configuration: ""
-- Up-to-date: /home/kang/ros2_ws/install/slam_bot/lib/slam_bot/position_estimator
-- Installing: /home/kang/ros2_ws/install/slam_bot/lib/slam_bot/kalman_filter
-- Set non-toolchain portion of runtime path of "/home/kang/ros2_ws/install/slam_bot/lib/slam_bot/kalman_filter" to ""
-- Up-to-date: /home/kang/ros2_ws/install/slam_bot/share/ament_index/resource_index/package_run_dependencies/slam_bot
-- Installing: /home/kang/ros2_ws/install/slam_bot/share/ament_index/resource_index/parent_prefix_path/slam_bot
-- Up-to-date: /home/kang/ros2_ws/install/slam_bot/share/slam_bot/environment/ament_prefix_path.sh
-- Up-to-date: /home/kang/ros2_ws/install/slam_bot/share/slam_bot/environment/ament_prefix_path.dsv
-- Up-to-date: /home/kang/ros2_ws/install/slam_bot/share/slam_bot/environment/path.sh
-- Up-to-date: /home/kang/ros2_ws/install/slam_bot/share/slam_bot/environment/path.dsv
-- Up-to-date: /home/kang/ros2_ws/install/slam_bot/share/slam_bot/local_setup.bash
-- Up-to-date: /home/kang/ros2_ws/install/slam_bot/share/slam_bot/local_setup.sh
-- Up-to-date: /home/kang/ros2_ws/install/slam_bot/share/slam_bot/local_setup.zsh
-- Up-to-date: /home/kang/ros2_ws/install/slam_bot/share/slam_bot/local_setup.dsv
-- Installing: /home/kang/ros2_ws/install/slam_bot/share/slam_bot/package.dsv
-- Up-to-date: /home/kang/ros2_ws/install/slam_bot/share/ament_index/resource_index/packages/slam_bot
-- Up-to-date: /home/kang/ros2_ws/install/slam_bot/share/slam_bot/cmake/slam_botConfig.cmake
-- Up-to-date: /home/kang/ros2_ws/install/slam_bot/share/slam_bot/cmake/slam_botConfig-version.cmake
-- Up-to-date: /home/kang/ros2_ws/install/slam_bot/share/slam_bot/package.xml
