-- The CXX compiler identification is GNU 13.3.0
-- Detecting CXX compiler ABI info
-- Detecting CXX compiler ABI info - done
-- Check for working CXX compiler: /usr/bin/c++ - skipped
-- Detecting CXX compile features
-- Detecting CXX compile features - done
-- Found ament_cmake: 2.5.5 (/opt/ros/jazzy/share/ament_cmake/cmake)
-- Found Python3: /usr/bin/python3 (found version "3.12.3") found components: Interpreter 
-- Found rclcpp: 28.1.16 (/opt/ros/jazzy/share/rclcpp/cmake)
-- Found rosidl_generator_c: 4.6.7 (/opt/ros/jazzy/share/rosidl_generator_c/cmake)
-- Found rosidl_generator_cpp: 4.6.7 (/opt/ros/jazzy/share/rosidl_generator_cpp/cmake)
-- Using all available rosidl_typesupport_c: rosidl_typesupport_fastrtps_c;rosidl_typesupport_introspection_c
-- Using all available rosidl_typesupport_cpp: rosidl_typesupport_fastrtps_cpp;rosidl_typesupport_introspection_cpp
-- Found rmw_implementation_cmake: 7.3.3 (/opt/ros/jazzy/share/rmw_implementation_cmake/cmake)
-- Found rmw_fastrtps_cpp: 8.4.3 (/opt/ros/jazzy/share/rmw_fastrtps_cpp/cmake)
-- Found OpenSSL: /usr/lib/aarch64-linux-gnu/libcrypto.so (found version "3.0.13")  
-- Found FastRTPS: /opt/ros/jazzy/include (Required is at least version "2.13") 
-- Using RMW implementation 'rmw_fastrtps_cpp' as default
-- Found ament_lint_auto: 0.17.4 (/opt/ros/jazzy/share/ament_lint_auto/cmake)
-- Added test 'cppcheck' to perform static code analysis on C / C++ code
-- Configured cppcheck include dirs: $<BUILD_INTERFACE:/home/kang/ros2_ws/src/slam_bot/include>
-- Configured cppcheck exclude dirs and/or files: 
-- Added test 'lint_cmake' to check CMake code style
-- Added test 'uncrustify' to check C / C++ code style
-- Configured uncrustify additional arguments: 
-- Added test 'xmllint' to check XML markup files
-- Configuring done (1.5s)
-- Generating done (0.0s)
-- Build files have been written to: /home/kang/ros2_ws/build/slam_bot
[ 50%] [32mBuilding CXX object CMakeFiles/position_estimator.dir/src/position_estimator.cpp.o[0m
[100%] [32m[1mLinking CXX executable position_estimator[0m
[100%] Built target position_estimator
-- Install configuration: ""
-- Installing: /home/kang/ros2_ws/install/slam_bot/lib/slam_bot/position_estimator
-- Set non-toolchain portion of runtime path of "/home/kang/ros2_ws/install/slam_bot/lib/slam_bot/position_estimator" to ""
-- Installing: /home/kang/ros2_ws/install/slam_bot/share/ament_index/resource_index/package_run_dependencies/slam_bot
-- Installing: /home/kang/ros2_ws/install/slam_bot/share/ament_index/resource_index/parent_prefix_path/slam_bot
-- Installing: /home/kang/ros2_ws/install/slam_bot/share/slam_bot/environment/ament_prefix_path.sh
-- Installing: /home/kang/ros2_ws/install/slam_bot/share/slam_bot/environment/ament_prefix_path.dsv
-- Installing: /home/kang/ros2_ws/install/slam_bot/share/slam_bot/environment/path.sh
-- Installing: /home/kang/ros2_ws/install/slam_bot/share/slam_bot/environment/path.dsv
-- Installing: /home/kang/ros2_ws/install/slam_bot/share/slam_bot/local_setup.bash
-- Installing: /home/kang/ros2_ws/install/slam_bot/share/slam_bot/local_setup.sh
-- Installing: /home/kang/ros2_ws/install/slam_bot/share/slam_bot/local_setup.zsh
-- Installing: /home/kang/ros2_ws/install/slam_bot/share/slam_bot/local_setup.dsv
-- Installing: /home/kang/ros2_ws/install/slam_bot/share/slam_bot/package.dsv
-- Installing: /home/kang/ros2_ws/install/slam_bot/share/ament_index/resource_index/packages/slam_bot
-- Installing: /home/kang/ros2_ws/install/slam_bot/share/slam_bot/cmake/slam_botConfig.cmake
-- Installing: /home/kang/ros2_ws/install/slam_bot/share/slam_bot/cmake/slam_botConfig-version.cmake
-- Installing: /home/kang/ros2_ws/install/slam_bot/share/slam_bot/package.xml
