[0.014s] Invoking command in '/home/kang/ros2_ws/build/slam_bot': CMAKE_PREFIX_PATH=/opt/ros/jazzy /usr/bin/cmake /home/kang/ros2_ws/src/slam_bot -DCMAKE_INSTALL_PREFIX=/home/kang/ros2_ws/install/slam_bot
[0.122s] -- The CXX compiler identification is GNU 13.3.0
[0.146s] -- Detecting CXX compiler ABI info
[0.325s] -- Detecting CXX compiler ABI info - done
[0.341s] -- Check for working CXX compiler: /usr/bin/c++ - skipped
[0.341s] -- Detecting CXX compile features
[0.342s] -- Detecting CXX compile features - done
[0.350s] -- Found ament_cmake: 2.5.5 (/opt/ros/jazzy/share/ament_cmake/cmake)
[0.571s] -- Found Python3: /usr/bin/python3 (found version "3.12.3") found components: Interpreter 
[0.758s] -- Found rclcpp: 28.1.16 (/opt/ros/jazzy/share/rclcpp/cmake)
[0.825s] -- Found rosidl_generator_c: 4.6.7 (/opt/ros/jazzy/share/rosidl_generator_c/cmake)
[0.848s] -- Found rosidl_generator_cpp: 4.6.7 (/opt/ros/jazzy/share/rosidl_generator_cpp/cmake)
[0.878s] -- Using all available rosidl_typesupport_c: rosidl_typesupport_fastrtps_c;rosidl_typesupport_introspection_c
[0.911s] -- Using all available rosidl_typesupport_cpp: rosidl_typesupport_fastrtps_cpp;rosidl_typesupport_introspection_cpp
[1.040s] -- Found rmw_implementation_cmake: 7.3.3 (/opt/ros/jazzy/share/rmw_implementation_cmake/cmake)
[1.045s] -- Found rmw_fastrtps_cpp: 8.4.3 (/opt/ros/jazzy/share/rmw_fastrtps_cpp/cmake)
[1.195s] -- Found OpenSSL: /usr/lib/aarch64-linux-gnu/libcrypto.so (found version "3.0.13")  
[1.221s] -- Found FastRTPS: /opt/ros/jazzy/include (Required is at least version "2.13") 
[1.255s] -- Using RMW implementation 'rmw_fastrtps_cpp' as default
[1.377s] -- Found ament_lint_auto: 0.17.4 (/opt/ros/jazzy/share/ament_lint_auto/cmake)
[1.553s] -- Added test 'cppcheck' to perform static code analysis on C / C++ code
[1.553s] -- Configured cppcheck include dirs: $<BUILD_INTERFACE:/home/kang/ros2_ws/src/slam_bot/include>
[1.553s] -- Configured cppcheck exclude dirs and/or files: 
[1.555s] -- Added test 'lint_cmake' to check CMake code style
[1.557s] -- Added test 'uncrustify' to check C / C++ code style
[1.557s] -- Configured uncrustify additional arguments: 
[1.558s] -- Added test 'xmllint' to check XML markup files
[1.560s] -- Configuring done (1.5s)
[1.582s] -- Generating done (0.0s)
[1.588s] -- Build files have been written to: /home/kang/ros2_ws/build/slam_bot
[1.601s] Invoked command in '/home/kang/ros2_ws/build/slam_bot' returned '0': CMAKE_PREFIX_PATH=/opt/ros/jazzy /usr/bin/cmake /home/kang/ros2_ws/src/slam_bot -DCMAKE_INSTALL_PREFIX=/home/kang/ros2_ws/install/slam_bot
[1.604s] Invoking command in '/home/kang/ros2_ws/build/slam_bot': CMAKE_PREFIX_PATH=/opt/ros/jazzy /usr/bin/cmake --build /home/kang/ros2_ws/build/slam_bot -- -j4 -l4
[1.686s] [ 50%] [32mBuilding CXX object CMakeFiles/position_estimator.dir/src/position_estimator.cpp.o[0m
[6.206s] [100%] [32m[1mLinking CXX executable position_estimator[0m
[6.553s] [100%] Built target position_estimator
[6.573s] Invoked command in '/home/kang/ros2_ws/build/slam_bot' returned '0': CMAKE_PREFIX_PATH=/opt/ros/jazzy /usr/bin/cmake --build /home/kang/ros2_ws/build/slam_bot -- -j4 -l4
[6.589s] Invoking command in '/home/kang/ros2_ws/build/slam_bot': CMAKE_PREFIX_PATH=/opt/ros/jazzy /usr/bin/cmake --install /home/kang/ros2_ws/build/slam_bot
[6.601s] -- Install configuration: ""
[6.602s] -- Installing: /home/kang/ros2_ws/install/slam_bot/lib/slam_bot/position_estimator
[6.602s] -- Set non-toolchain portion of runtime path of "/home/kang/ros2_ws/install/slam_bot/lib/slam_bot/position_estimator" to ""
[6.603s] -- Installing: /home/kang/ros2_ws/install/slam_bot/share/ament_index/resource_index/package_run_dependencies/slam_bot
[6.603s] -- Installing: /home/kang/ros2_ws/install/slam_bot/share/ament_index/resource_index/parent_prefix_path/slam_bot
[6.603s] -- Installing: /home/kang/ros2_ws/install/slam_bot/share/slam_bot/environment/ament_prefix_path.sh
[6.603s] -- Installing: /home/kang/ros2_ws/install/slam_bot/share/slam_bot/environment/ament_prefix_path.dsv
[6.603s] -- Installing: /home/kang/ros2_ws/install/slam_bot/share/slam_bot/environment/path.sh
[6.604s] -- Installing: /home/kang/ros2_ws/install/slam_bot/share/slam_bot/environment/path.dsv
[6.604s] -- Installing: /home/kang/ros2_ws/install/slam_bot/share/slam_bot/local_setup.bash
[6.604s] -- Installing: /home/kang/ros2_ws/install/slam_bot/share/slam_bot/local_setup.sh
[6.605s] -- Installing: /home/kang/ros2_ws/install/slam_bot/share/slam_bot/local_setup.zsh
[6.605s] -- Installing: /home/kang/ros2_ws/install/slam_bot/share/slam_bot/local_setup.dsv
[6.605s] -- Installing: /home/kang/ros2_ws/install/slam_bot/share/slam_bot/package.dsv
[6.605s] -- Installing: /home/kang/ros2_ws/install/slam_bot/share/ament_index/resource_index/packages/slam_bot
[6.605s] -- Installing: /home/kang/ros2_ws/install/slam_bot/share/slam_bot/cmake/slam_botConfig.cmake
[6.606s] -- Installing: /home/kang/ros2_ws/install/slam_bot/share/slam_bot/cmake/slam_botConfig-version.cmake
[6.606s] -- Installing: /home/kang/ros2_ws/install/slam_bot/share/slam_bot/package.xml
[6.609s] Invoked command in '/home/kang/ros2_ws/build/slam_bot' returned '0': CMAKE_PREFIX_PATH=/opt/ros/jazzy /usr/bin/cmake --install /home/kang/ros2_ws/build/slam_bot
