-- Found ament_cmake: 2.5.5 (/opt/ros/jazzy/share/ament_cmake/cmake)
-- Found rclcpp: 28.1.16 (/opt/ros/jazzy/share/rclcpp/cmake)
-- Found rosidl_generator_c: 4.6.7 (/opt/ros/jazzy/share/rosidl_generator_c/cmake)
-- Found rosidl_generator_cpp: 4.6.7 (/opt/ros/jazzy/share/rosidl_generator_cpp/cmake)
-- Using all available rosidl_typesupport_c: rosidl_typesupport_fastrtps_c;rosidl_typesupport_introspection_c
-- Using all available rosidl_typesupport_cpp: rosidl_typesupport_fastrtps_cpp;rosidl_typesupport_introspection_cpp
-- Found rmw_implementation_cmake: 7.3.3 (/opt/ros/jazzy/share/rmw_implementation_cmake/cmake)
-- Found rmw_fastrtps_cpp: 8.4.3 (/opt/ros/jazzy/share/rmw_fastrtps_cpp/cmake)
-- Using RMW implementation 'rmw_fastrtps_cpp' as default
-- Found geometry_msgs: 5.3.6 (/opt/ros/jazzy/share/geometry_msgs/cmake)
-- Found ament_lint_auto: 0.17.4 (/opt/ros/jazzy/share/ament_lint_auto/cmake)
-- Added test 'cppcheck' to perform static code analysis on C / C++ code
-- Configured cppcheck include dirs: $<BUILD_INTERFACE:/home/kang/ros2_ws/src/slam_bot/include>
-- Configured cppcheck exclude dirs and/or files: 
-- Added test 'lint_cmake' to check CMake code style
-- Added test 'uncrustify' to check C / C++ code style
-- Configured uncrustify additional arguments: 
-- Added test 'xmllint' to check XML markup files
-- Configuring done (0.9s)
-- Generating done (0.0s)
-- Build files have been written to: /home/kang/ros2_ws/build/slam_bot
[ 50%] [32mBuilding CXX object CMakeFiles/position_estimator.dir/src/position_estimator.cpp.o[0m
[01m[K/home/kang/ros2_ws/src/slam_bot/src/position_estimator.cpp:[m[K In function ‘[01m[Kint[01;32m[K main[m[K(int, char**)[m[K’:
[01m[K/home/kang/ros2_ws/src/slam_bot/src/position_estimator.cpp:36:21:[m[K [01;31m[Kerror: [m[K‘[01m[Kstd::make[m[K’ has not been declared
   36 |   rclcpp::spin(std::[01;31m[Kmake[m[K::shared<PositionEstimator>());
      |                     [01;31m[K^~~~[m[K
[01m[K/home/kang/ros2_ws/src/slam_bot/src/position_estimator.cpp:36:51:[m[K [01;31m[Kerror: [m[Kexpected primary-expression before ‘[01m[K>[m[K’ token
   36 |   rclcpp::spin(std::make::shared<PositionEstimator[01;31m[K>[m[K());
      |                                                   [01;31m[K^[m[K
[01m[K/home/kang/ros2_ws/src/slam_bot/src/position_estimator.cpp:36:53:[m[K [01;31m[Kerror: [m[Kexpected primary-expression before ‘[01m[K)[m[K’ token
   36 |   rclcpp::spin(std::make::shared<PositionEstimator>([01;31m[K)[m[K);
      |                                                     [01;31m[K^[m[K
gmake[2]: *** [CMakeFiles/position_estimator.dir/build.make:76: CMakeFiles/position_estimator.dir/src/position_estimator.cpp.o] Error 1
gmake[1]: *** [CMakeFiles/Makefile2:137: CMakeFiles/position_estimator.dir/all] Error 2
gmake: *** [Makefile:146: all] Error 2
