[0.015s] Invoking command in '/home/kang/ros2_ws/build/slam_bot': CMAKE_PREFIX_PATH=/opt/ros/jazzy /usr/bin/cmake --build /home/kang/ros2_ws/build/slam_bot -- -j4 -l4
[0.057s] -- Found ament_cmake: 2.5.5 (/opt/ros/jazzy/share/ament_cmake/cmake)
[0.376s] -- Found rclcpp: 28.1.16 (/opt/ros/jazzy/share/rclcpp/cmake)
[0.409s] -- Found rosidl_generator_c: 4.6.7 (/opt/ros/jazzy/share/rosidl_generator_c/cmake)
[0.422s] -- Found rosidl_generator_cpp: 4.6.7 (/opt/ros/jazzy/share/rosidl_generator_cpp/cmake)
[0.439s] -- Using all available rosidl_typesupport_c: rosidl_typesupport_fastrtps_c;rosidl_typesupport_introspection_c
[0.457s] -- Using all available rosidl_typesupport_cpp: rosidl_typesupport_fastrtps_cpp;rosidl_typesupport_introspection_cpp
[0.541s] -- Found rmw_implementation_cmake: 7.3.3 (/opt/ros/jazzy/share/rmw_implementation_cmake/cmake)
[0.542s] -- Found rmw_fastrtps_cpp: 8.4.3 (/opt/ros/jazzy/share/rmw_fastrtps_cpp/cmake)
[0.630s] -- Using RMW implementation 'rmw_fastrtps_cpp' as default
[0.759s] -- Found geometry_msgs: 5.3.6 (/opt/ros/jazzy/share/geometry_msgs/cmake)
[0.818s] -- Found ament_lint_auto: 0.17.4 (/opt/ros/jazzy/share/ament_lint_auto/cmake)
[0.970s] -- Added test 'cppcheck' to perform static code analysis on C / C++ code
[0.970s] -- Configured cppcheck include dirs: $<BUILD_INTERFACE:/home/kang/ros2_ws/src/slam_bot/include>
[0.971s] -- Configured cppcheck exclude dirs and/or files: 
[0.971s] -- Added test 'lint_cmake' to check CMake code style
[0.973s] -- Added test 'uncrustify' to check C / C++ code style
[0.973s] -- Configured uncrustify additional arguments: 
[0.973s] -- Added test 'xmllint' to check XML markup files
[0.975s] -- Configuring done (0.9s)
[1.002s] -- Generating done (0.0s)
[1.020s] -- Build files have been written to: /home/kang/ros2_ws/build/slam_bot
[1.093s] [ 50%] [32mBuilding CXX object CMakeFiles/position_estimator.dir/src/position_estimator.cpp.o[0m
[4.427s] [01m[K/home/kang/ros2_ws/src/slam_bot/src/position_estimator.cpp:[m[K In function ‘[01m[Kint[01;32m[K main[m[K(int, char**)[m[K’:
[4.427s] [01m[K/home/kang/ros2_ws/src/slam_bot/src/position_estimator.cpp:36:21:[m[K [01;31m[Kerror: [m[K‘[01m[Kstd::make[m[K’ has not been declared
[4.427s]    36 |   rclcpp::spin(std::[01;31m[Kmake[m[K::shared<PositionEstimator>());
[4.427s]       |                     [01;31m[K^~~~[m[K
[4.428s] [01m[K/home/kang/ros2_ws/src/slam_bot/src/position_estimator.cpp:36:51:[m[K [01;31m[Kerror: [m[Kexpected primary-expression before ‘[01m[K>[m[K’ token
[4.428s]    36 |   rclcpp::spin(std::make::shared<PositionEstimator[01;31m[K>[m[K());
[4.428s]       |                                                   [01;31m[K^[m[K
[4.428s] [01m[K/home/kang/ros2_ws/src/slam_bot/src/position_estimator.cpp:36:53:[m[K [01;31m[Kerror: [m[Kexpected primary-expression before ‘[01m[K)[m[K’ token
[4.428s]    36 |   rclcpp::spin(std::make::shared<PositionEstimator>([01;31m[K)[m[K);
[4.428s]       |                                                     [01;31m[K^[m[K
[5.744s] gmake[2]: *** [CMakeFiles/position_estimator.dir/build.make:76: CMakeFiles/position_estimator.dir/src/position_estimator.cpp.o] Error 1
[5.744s] gmake[1]: *** [CMakeFiles/Makefile2:137: CMakeFiles/position_estimator.dir/all] Error 2
[5.745s] gmake: *** [Makefile:146: all] Error 2
[5.749s] Invoked command in '/home/kang/ros2_ws/build/slam_bot' returned '2': CMAKE_PREFIX_PATH=/opt/ros/jazzy /usr/bin/cmake --build /home/kang/ros2_ws/build/slam_bot -- -j4 -l4
