[0.132s] DEBUG:colcon:Command line arguments: ['/usr/bin/colcon', 'build']
[0.133s] DEBUG:colcon:Parsed command line arguments: Namespace(log_base=None, log_level=None, verb_name='build', build_base='build', install_base='install', merge_install=False, symlink_install=False, test_result_base=None, continue_on_error=False, executor='parallel', parallel_workers=4, event_handlers=None, ignore_user_meta=False, metas=['./colcon.meta'], base_paths=['.'], packages_ignore=None, packages_ignore_regex=None, paths=None, packages_up_to=None, packages_up_to_regex=None, packages_above=None, packages_above_and_dependencies=None, packages_above_depth=None, packages_select_by_dep=None, packages_skip_by_dep=None, packages_skip_up_to=None, packages_select_build_failed=False, packages_skip_build_finished=False, packages_select_test_failures=False, packages_skip_test_passed=False, packages_select=None, packages_skip=None, packages_select_regex=None, packages_skip_regex=None, packages_start=None, packages_end=None, cmake_args=None, cmake_target=None, cmake_target_skip_unavailable=False, cmake_clean_cache=False, cmake_clean_first=False, cmake_force_configure=False, ament_cmake_args=None, catkin_cmake_args=None, catkin_skip_building_tests=False, verb_parser=<colcon_defaults.argument_parser.defaults.DefaultArgumentsDecorator object at 0xffff89c0a9f0>, verb_extension=<colcon_core.verb.build.BuildVerb object at 0xffff89d8b530>, main=<bound method BuildVerb.main of <colcon_core.verb.build.BuildVerb object at 0xffff89d8b530>>)
[0.189s] Level 1:colcon.colcon_core.package_discovery:discover_packages(colcon_meta) check parameters
[0.189s] Level 1:colcon.colcon_core.package_discovery:discover_packages(recursive) check parameters
[0.189s] Level 1:colcon.colcon_core.package_discovery:discover_packages(ignore) check parameters
[0.189s] Level 1:colcon.colcon_core.package_discovery:discover_packages(path) check parameters
[0.189s] Level 1:colcon.colcon_core.package_discovery:discover_packages(colcon_meta) discover
[0.189s] Level 1:colcon.colcon_core.package_discovery:discover_packages(recursive) discover
[0.189s] INFO:colcon.colcon_core.package_discovery:Crawling recursively for packages in '/home/kang/ros2_ws'
[0.190s] Level 1:colcon.colcon_core.package_identification:_identify(.) by extensions ['ignore', 'ignore_ament_install']
[0.190s] Level 1:colcon.colcon_core.package_identification:_identify(.) by extension 'ignore'
[0.190s] Level 1:colcon.colcon_core.package_identification:_identify(.) by extension 'ignore_ament_install'
[0.190s] Level 1:colcon.colcon_core.package_identification:_identify(.) by extensions ['colcon_pkg']
[0.190s] Level 1:colcon.colcon_core.package_identification:_identify(.) by extension 'colcon_pkg'
[0.190s] Level 1:colcon.colcon_core.package_identification:_identify(.) by extensions ['colcon_meta']
[0.190s] Level 1:colcon.colcon_core.package_identification:_identify(.) by extension 'colcon_meta'
[0.190s] Level 1:colcon.colcon_core.package_identification:_identify(.) by extensions ['ros']
[0.190s] Level 1:colcon.colcon_core.package_identification:_identify(.) by extension 'ros'
[0.225s] Level 1:colcon.colcon_core.package_identification:_identify(.) by extensions ['cmake', 'python']
[0.225s] Level 1:colcon.colcon_core.package_identification:_identify(.) by extension 'cmake'
[0.226s] Level 1:colcon.colcon_core.package_identification:_identify(.) by extension 'python'
[0.226s] Level 1:colcon.colcon_core.package_identification:_identify(.) by extensions ['python_setup_py']
[0.226s] Level 1:colcon.colcon_core.package_identification:_identify(.) by extension 'python_setup_py'
[0.226s] Level 1:colcon.colcon_core.package_identification:_identify(build) by extensions ['ignore', 'ignore_ament_install']
[0.226s] Level 1:colcon.colcon_core.package_identification:_identify(build) by extension 'ignore'
[0.226s] Level 1:colcon.colcon_core.package_identification:_identify(build) ignored
[0.226s] Level 1:colcon.colcon_core.package_identification:_identify(install) by extensions ['ignore', 'ignore_ament_install']
[0.226s] Level 1:colcon.colcon_core.package_identification:_identify(install) by extension 'ignore'
[0.226s] Level 1:colcon.colcon_core.package_identification:_identify(install) ignored
[0.226s] Level 1:colcon.colcon_core.package_identification:_identify(log) by extensions ['ignore', 'ignore_ament_install']
[0.226s] Level 1:colcon.colcon_core.package_identification:_identify(log) by extension 'ignore'
[0.227s] Level 1:colcon.colcon_core.package_identification:_identify(log) ignored
[0.227s] Level 1:colcon.colcon_core.package_identification:_identify(src) by extensions ['ignore', 'ignore_ament_install']
[0.227s] Level 1:colcon.colcon_core.package_identification:_identify(src) by extension 'ignore'
[0.227s] Level 1:colcon.colcon_core.package_identification:_identify(src) by extension 'ignore_ament_install'
[0.227s] Level 1:colcon.colcon_core.package_identification:_identify(src) by extensions ['colcon_pkg']
[0.227s] Level 1:colcon.colcon_core.package_identification:_identify(src) by extension 'colcon_pkg'
[0.227s] Level 1:colcon.colcon_core.package_identification:_identify(src) by extensions ['colcon_meta']
[0.227s] Level 1:colcon.colcon_core.package_identification:_identify(src) by extension 'colcon_meta'
[0.227s] Level 1:colcon.colcon_core.package_identification:_identify(src) by extensions ['ros']
[0.227s] Level 1:colcon.colcon_core.package_identification:_identify(src) by extension 'ros'
[0.227s] Level 1:colcon.colcon_core.package_identification:_identify(src) by extensions ['cmake', 'python']
[0.227s] Level 1:colcon.colcon_core.package_identification:_identify(src) by extension 'cmake'
[0.227s] Level 1:colcon.colcon_core.package_identification:_identify(src) by extension 'python'
[0.227s] Level 1:colcon.colcon_core.package_identification:_identify(src) by extensions ['python_setup_py']
[0.227s] Level 1:colcon.colcon_core.package_identification:_identify(src) by extension 'python_setup_py'
[0.227s] Level 1:colcon.colcon_core.package_identification:_identify(src/slam_bot) by extensions ['ignore', 'ignore_ament_install']
[0.227s] Level 1:colcon.colcon_core.package_identification:_identify(src/slam_bot) by extension 'ignore'
[0.228s] Level 1:colcon.colcon_core.package_identification:_identify(src/slam_bot) by extension 'ignore_ament_install'
[0.228s] Level 1:colcon.colcon_core.package_identification:_identify(src/slam_bot) by extensions ['colcon_pkg']
[0.228s] Level 1:colcon.colcon_core.package_identification:_identify(src/slam_bot) by extension 'colcon_pkg'
[0.228s] Level 1:colcon.colcon_core.package_identification:_identify(src/slam_bot) by extensions ['colcon_meta']
[0.228s] Level 1:colcon.colcon_core.package_identification:_identify(src/slam_bot) by extension 'colcon_meta'
[0.228s] Level 1:colcon.colcon_core.package_identification:_identify(src/slam_bot) by extensions ['ros']
[0.228s] Level 1:colcon.colcon_core.package_identification:_identify(src/slam_bot) by extension 'ros'
[0.231s] DEBUG:colcon.colcon_core.package_identification:Package 'src/slam_bot' with type 'ros.ament_cmake' and name 'slam_bot'
[0.231s] Level 1:colcon.colcon_core.package_discovery:discover_packages(recursive) using defaults
[0.231s] Level 1:colcon.colcon_core.package_discovery:discover_packages(ignore) discover
[0.231s] Level 1:colcon.colcon_core.package_discovery:discover_packages(ignore) using defaults
[0.231s] Level 1:colcon.colcon_core.package_discovery:discover_packages(path) discover
[0.231s] Level 1:colcon.colcon_core.package_discovery:discover_packages(path) using defaults
[0.256s] Level 5:colcon.colcon_core.verb:set package 'slam_bot' build argument 'cmake_args' from command line to 'None'
[0.256s] Level 5:colcon.colcon_core.verb:set package 'slam_bot' build argument 'cmake_target' from command line to 'None'
[0.256s] Level 5:colcon.colcon_core.verb:set package 'slam_bot' build argument 'cmake_target_skip_unavailable' from command line to 'False'
[0.256s] Level 5:colcon.colcon_core.verb:set package 'slam_bot' build argument 'cmake_clean_cache' from command line to 'False'
[0.256s] Level 5:colcon.colcon_core.verb:set package 'slam_bot' build argument 'cmake_clean_first' from command line to 'False'
[0.256s] Level 5:colcon.colcon_core.verb:set package 'slam_bot' build argument 'cmake_force_configure' from command line to 'False'
[0.256s] Level 5:colcon.colcon_core.verb:set package 'slam_bot' build argument 'ament_cmake_args' from command line to 'None'
[0.256s] Level 5:colcon.colcon_core.verb:set package 'slam_bot' build argument 'catkin_cmake_args' from command line to 'None'
[0.256s] Level 5:colcon.colcon_core.verb:set package 'slam_bot' build argument 'catkin_skip_building_tests' from command line to 'False'
[0.256s] DEBUG:colcon.colcon_core.verb:Building package 'slam_bot' with the following arguments: {'ament_cmake_args': None, 'build_base': '/home/kang/ros2_ws/build/slam_bot', 'catkin_cmake_args': None, 'catkin_skip_building_tests': False, 'cmake_args': None, 'cmake_clean_cache': False, 'cmake_clean_first': False, 'cmake_force_configure': False, 'cmake_target': None, 'cmake_target_skip_unavailable': False, 'install_base': '/home/kang/ros2_ws/install/slam_bot', 'merge_install': False, 'path': '/home/kang/ros2_ws/src/slam_bot', 'symlink_install': False, 'test_result_base': None}
[0.256s] INFO:colcon.colcon_core.executor:Executing jobs using 'parallel' executor
[0.258s] DEBUG:colcon.colcon_parallel_executor.executor.parallel:run_until_complete
[0.258s] INFO:colcon.colcon_ros.task.ament_cmake.build:Building ROS package in '/home/kang/ros2_ws/src/slam_bot' with build type 'ament_cmake'
[0.258s] INFO:colcon.colcon_cmake.task.cmake.build:Building CMake package in '/home/kang/ros2_ws/src/slam_bot'
[0.261s] INFO:colcon.colcon_core.plugin_system:Skipping extension 'colcon_core.shell.bat': Not used on non-Windows systems
[0.261s] DEBUG:colcon.colcon_core.shell:Skip shell extension 'dsv' for command environment
[0.273s] DEBUG:colcon.colcon_core.event_handler.log_command:Invoking command in '/home/kang/ros2_ws/build/slam_bot': CMAKE_PREFIX_PATH=/opt/ros/jazzy /usr/bin/cmake --build /home/kang/ros2_ws/build/slam_bot -- -j4 -l4
[6.007s] DEBUG:colcon.colcon_core.event_handler.log_command:Invoked command in '/home/kang/ros2_ws/build/slam_bot' returned '2': CMAKE_PREFIX_PATH=/opt/ros/jazzy /usr/bin/cmake --build /home/kang/ros2_ws/build/slam_bot -- -j4 -l4
[6.008s] Level 1:colcon.colcon_core.environment:create_environment_scripts_only(slam_bot)
[6.011s] Level 1:colcon.colcon_core.environment:checking '/home/kang/ros2_ws/install/slam_bot' for CMake module files
[6.011s] Level 1:colcon.colcon_core.environment:checking '/home/kang/ros2_ws/install/slam_bot' for CMake config files
[6.012s] Level 1:colcon.colcon_core.shell:create_environment_hook('slam_bot', 'cmake_prefix_path')
[6.012s] INFO:colcon.colcon_core.shell:Creating environment descriptor '/home/kang/ros2_ws/install/slam_bot/share/slam_bot/hook/cmake_prefix_path.dsv'
[6.013s] INFO:colcon.colcon_core.shell:Creating environment hook '/home/kang/ros2_ws/install/slam_bot/share/slam_bot/hook/cmake_prefix_path.sh'
[6.014s] Level 1:colcon.colcon_core.environment:checking '/home/kang/ros2_ws/install/slam_bot/lib'
[6.015s] Level 1:colcon.colcon_core.environment:checking '/home/kang/ros2_ws/install/slam_bot/bin'
[6.015s] Level 1:colcon.colcon_core.environment:checking '/home/kang/ros2_ws/install/slam_bot/lib/pkgconfig/slam_bot.pc'
[6.018s] Level 1:colcon.colcon_core.environment:checking '/home/kang/ros2_ws/install/slam_bot/lib/python3.12/site-packages'
[6.019s] Level 1:colcon.colcon_core.environment:checking '/home/kang/ros2_ws/install/slam_bot/bin'
[6.019s] INFO:colcon.colcon_core.shell:Creating package descriptor '/home/kang/ros2_ws/install/slam_bot/share/slam_bot/package.dsv'
[6.020s] INFO:colcon.colcon_core.shell:Creating package script '/home/kang/ros2_ws/install/slam_bot/share/slam_bot/package.sh'
[6.022s] INFO:colcon.colcon_core.shell:Creating package script '/home/kang/ros2_ws/install/slam_bot/share/slam_bot/package.bash'
[6.023s] INFO:colcon.colcon_core.shell:Creating package script '/home/kang/ros2_ws/install/slam_bot/share/slam_bot/package.zsh'
[6.024s] Level 1:colcon.colcon_core.environment:create_file_with_runtime_dependencies(/home/kang/ros2_ws/install/slam_bot/share/colcon-core/packages/slam_bot)
[6.035s] DEBUG:colcon.colcon_parallel_executor.executor.parallel:closing loop
[6.035s] DEBUG:colcon.colcon_parallel_executor.executor.parallel:loop closed
[6.035s] DEBUG:colcon.colcon_parallel_executor.executor.parallel:run_until_complete finished with '2'
[6.035s] DEBUG:colcon.colcon_core.event_reactor:joining thread
[6.044s] INFO:colcon.colcon_core.plugin_system:Skipping extension 'colcon_notification.desktop_notification.notify_send': Could not find 'notify-send'
[6.044s] INFO:colcon.colcon_core.plugin_system:Skipping extension 'colcon_notification.desktop_notification.terminal_notifier': Not used on non-Darwin systems
[6.044s] INFO:colcon.colcon_core.plugin_system:Skipping extension 'colcon_notification.desktop_notification.win32': Not used on non-Windows systems
[6.044s] INFO:colcon.colcon_notification.desktop_notification:Sending desktop notification using 'notify2'
[6.063s] DEBUG:colcon.colcon_notification.desktop_notification.notify2:Failed to initialize notify2: org.freedesktop.DBus.Error.ServiceUnknown: The name org.freedesktop.Notifications was not provided by any .service files
[6.063s] DEBUG:colcon.colcon_core.event_reactor:joined thread
[6.064s] INFO:colcon.colcon_core.shell:Creating prefix script '/home/kang/ros2_ws/install/local_setup.sh'
[6.065s] INFO:colcon.colcon_core.shell:Creating prefix util module '/home/kang/ros2_ws/install/_local_setup_util_sh.py'
[6.066s] INFO:colcon.colcon_core.shell:Creating prefix chain script '/home/kang/ros2_ws/install/setup.sh'
[6.068s] INFO:colcon.colcon_core.shell:Creating prefix script '/home/kang/ros2_ws/install/local_setup.bash'
[6.069s] INFO:colcon.colcon_core.shell:Creating prefix chain script '/home/kang/ros2_ws/install/setup.bash'
[6.070s] INFO:colcon.colcon_core.shell:Creating prefix script '/home/kang/ros2_ws/install/local_setup.zsh'
[6.072s] INFO:colcon.colcon_core.shell:Creating prefix chain script '/home/kang/ros2_ws/install/setup.zsh'
