[0.014s] Invoking command in '/home/kang/ros2_ws/build/slam_bot': CMAKE_PREFIX_PATH=/opt/ros/jazzy /usr/bin/cmake --build /home/kang/ros2_ws/build/slam_bot -- -j4 -l4
[0.055s] -- Found ament_cmake: 2.5.5 (/opt/ros/jazzy/share/ament_cmake/cmake)
[0.376s] -- Found rclcpp: 28.1.16 (/opt/ros/jazzy/share/rclcpp/cmake)
[0.407s] -- Found rosidl_generator_c: 4.6.7 (/opt/ros/jazzy/share/rosidl_generator_c/cmake)
[0.420s] -- Found rosidl_generator_cpp: 4.6.7 (/opt/ros/jazzy/share/rosidl_generator_cpp/cmake)
[0.436s] -- Using all available rosidl_typesupport_c: rosidl_typesupport_fastrtps_c;rosidl_typesupport_introspection_c
[0.454s] -- Using all available rosidl_typesupport_cpp: rosidl_typesupport_fastrtps_cpp;rosidl_typesupport_introspection_cpp
[0.536s] -- Found rmw_implementation_cmake: 7.3.3 (/opt/ros/jazzy/share/rmw_implementation_cmake/cmake)
[0.538s] -- Found rmw_fastrtps_cpp: 8.4.3 (/opt/ros/jazzy/share/rmw_fastrtps_cpp/cmake)
[0.624s] -- Using RMW implementation 'rmw_fastrtps_cpp' as default
[0.709s] -- Found geometry_msgs: 5.3.6 (/opt/ros/jazzy/share/geometry_msgs/cmake)
[0.751s] -- Found ament_lint_auto: 0.17.4 (/opt/ros/jazzy/share/ament_lint_auto/cmake)
[0.900s] -- Added test 'cppcheck' to perform static code analysis on C / C++ code
[0.901s] -- Configured cppcheck include dirs: $<BUILD_INTERFACE:/home/kang/ros2_ws/src/slam_bot/include>
[0.903s] -- Configured cppcheck exclude dirs and/or files: 
[0.903s] -- Added test 'lint_cmake' to check CMake code style
[0.903s] -- Added test 'uncrustify' to check C / C++ code style
[0.903s] -- Configured uncrustify additional arguments: 
[0.903s] -- Added test 'xmllint' to check XML markup files
[0.904s] -- Configuring done (0.9s)
[0.937s] -- Generating done (0.0s)
[0.953s] -- Build files have been written to: /home/kang/ros2_ws/build/slam_bot
[1.013s] [ 25%] [32mBuilding CXX object CMakeFiles/kalman_filter.dir/src/kalman_filter.cpp.o[0m
[1.028s] [ 75%] Built target position_estimator
[5.515s] [01m[K/home/kang/ros2_ws/src/slam_bot/src/kalman_filter.cpp:35:2:[m[K [01;31m[Kerror: [m[Kexpected ‘[01m[K;[m[K’ after class definition
[5.516s]    35 | }
[5.516s]       |  [01;31m[K^[m[K
[5.516s]       |  [32m[K;[m[K
[8.786s] gmake[2]: *** [CMakeFiles/kalman_filter.dir/build.make:76: CMakeFiles/kalman_filter.dir/src/kalman_filter.cpp.o] Error 1
[8.787s] gmake[1]: *** [CMakeFiles/Makefile2:165: CMakeFiles/kalman_filter.dir/all] Error 2
[8.787s] gmake: *** [Makefile:146: all] Error 2
[8.791s] Invoked command in '/home/kang/ros2_ws/build/slam_bot' returned '2': CMAKE_PREFIX_PATH=/opt/ros/jazzy /usr/bin/cmake --build /home/kang/ros2_ws/build/slam_bot -- -j4 -l4
