[0.016s] Invoking command in '/home/kang/ros2_ws/build/slam_bot': CMAKE_PREFIX_PATH=${CMAKE_PREFIX_PATH}:/opt/ros/jazzy /usr/bin/cmake --build /home/kang/ros2_ws/build/slam_bot -- -j4 -l4
[0.117s] [100%] Built target position_estimator
[0.137s] Invoked command in '/home/kang/ros2_ws/build/slam_bot' returned '0': CMAKE_PREFIX_PATH=${CMAKE_PREFIX_PATH}:/opt/ros/jazzy /usr/bin/cmake --build /home/kang/ros2_ws/build/slam_bot -- -j4 -l4
[0.155s] Invoking command in '/home/kang/ros2_ws/build/slam_bot': CMAKE_PREFIX_PATH=${CMAKE_PREFIX_PATH}:/opt/ros/jazzy /usr/bin/cmake --install /home/kang/ros2_ws/build/slam_bot
[0.168s] -- Install configuration: ""
[0.168s] -- Up-to-date: /home/kang/ros2_ws/install/slam_bot/lib/slam_bot/position_estimator
[0.169s] -- Up-to-date: /home/kang/ros2_ws/install/slam_bot/share/ament_index/resource_index/package_run_dependencies/slam_bot
[0.169s] -- Up-to-date: /home/kang/ros2_ws/install/slam_bot/share/ament_index/resource_index/parent_prefix_path/slam_bot
[0.169s] -- Up-to-date: /home/kang/ros2_ws/install/slam_bot/share/slam_bot/environment/ament_prefix_path.sh
[0.169s] -- Up-to-date: /home/kang/ros2_ws/install/slam_bot/share/slam_bot/environment/ament_prefix_path.dsv
[0.169s] -- Up-to-date: /home/kang/ros2_ws/install/slam_bot/share/slam_bot/environment/path.sh
[0.169s] -- Up-to-date: /home/kang/ros2_ws/install/slam_bot/share/slam_bot/environment/path.dsv
[0.169s] -- Up-to-date: /home/kang/ros2_ws/install/slam_bot/share/slam_bot/local_setup.bash
[0.169s] -- Up-to-date: /home/kang/ros2_ws/install/slam_bot/share/slam_bot/local_setup.sh
[0.170s] -- Up-to-date: /home/kang/ros2_ws/install/slam_bot/share/slam_bot/local_setup.zsh
[0.170s] -- Up-to-date: /home/kang/ros2_ws/install/slam_bot/share/slam_bot/local_setup.dsv
[0.170s] -- Installing: /home/kang/ros2_ws/install/slam_bot/share/slam_bot/package.dsv
[0.170s] -- Up-to-date: /home/kang/ros2_ws/install/slam_bot/share/ament_index/resource_index/packages/slam_bot
[0.170s] -- Up-to-date: /home/kang/ros2_ws/install/slam_bot/share/slam_bot/cmake/slam_botConfig.cmake
[0.170s] -- Up-to-date: /home/kang/ros2_ws/install/slam_bot/share/slam_bot/cmake/slam_botConfig-version.cmake
[0.170s] -- Up-to-date: /home/kang/ros2_ws/install/slam_bot/share/slam_bot/package.xml
[0.173s] Invoked command in '/home/kang/ros2_ws/build/slam_bot' returned '0': CMAKE_PREFIX_PATH=${CMAKE_PREFIX_PATH}:/opt/ros/jazzy /usr/bin/cmake --install /home/kang/ros2_ws/build/slam_bot
